<?xml version="1.0" encoding="utf-8"?>
<shfbBuild product="Sandcastle Help File Builder and Tools" version="2021.4.9.0" projectFile="D:\EPAM\DashkevichLab1\WpfApp Documentation\WpfApp Documentation.shfbproj" started="20.10.2021 02:41:53">
<buildStep step="Initializing">
Finding tools...
The Sandcastle tools are located in &#39;D:\Sandcastle Help File Builder\&#39;
Locating components in the following folder(s):
    D:\EPAM\DashkevichLab1\WpfApp Documentation
    C:\ProgramData\EWSoftware\Sandcastle Help File Builder\Components and Plug-Ins\
    D:\Sandcastle Help File Builder\
Using framework reflection data for &#39;.NET Framework 4.0&#39; located in &#39;D:\Sandcastle Help File Builder\Data\.NETFramework&#39;
Using presentation style &#39;VS2013&#39; located in &#39;D:\Sandcastle Help File Builder\PresentationStyles\VS2013&#39;
Loading and initializing plug-ins...
Lightweight Website Style Version 2021.4.9.0
Copyright &#169; 2006-2021, Eric Woodruff, All Rights Reserved
Portions Copyright &#169; 2014, Sam Harwell, All Rights Reserved
-------------------------------
Clearing any prior web/markdown output...
</buildStep>
<buildStep step="ValidatingDocumentationSources">
Validating and copying documentation source information
Source: D:\EPAM\DashkevichLab1\WpfApp\bin\Debug\net5.0-windows\WpfApp.dll
    Found assembly &#39;D:\EPAM\DashkevichLab1\WpfApp\bin\Debug\net5.0-windows\WpfApp.dll&#39;
Source: D:\EPAM\DashkevichLab1\WpfApp\bin\Debug\net5.0-windows\WpfApp.xml

Copying XML comments files
    D:\EPAM\DashkevichLab1\WpfApp\bin\Debug\net5.0-windows\WpfApp.xml -&gt; D:\EPAM\DashkevichLab1\WpfApp Documentation\Help\Working\WpfApp.xml
</buildStep>
<buildStep step="GenerateSharedContent">
Generating shared content files (en-US, Английский (США))...
<plugIn name="Lightweight Website Style" behavior="After" priority="1000">
</plugIn>    Last step completed in 00:00:00,0040
</buildStep>
<buildStep step="GenerateApiFilter">
Generating API filter for MRefBuilder...
    Last step completed in 00:00:00,0070
</buildStep>
<buildStep step="GenerateReflectionInfo">
Generating reflection information...
[C:\Program Files (x86)\Microsoft Visual Studio\2019\Community\MSBuild\Current\Bin\MSBuild.exe - GenerateRefInfo-c6f6c2a2-ed12-48d6-8429-ac74f6dc4e28.proj]
‘Ў&#174;аЄ&#160; &#173;&#160;з&#160;в&#160; 20.10.2021 02:41:54.
Џа&#174;ҐЄв &quot;D:\EPAM\DashkevichLab1\WpfApp Documentation\Help\Working\GenerateRefInfo-c6f6c2a2-ed12-48d6-8429-ac74f6dc4e28.proj&quot; ў г&#167;&#171;Ґ 1 (жҐ&#171;ҐўлҐ &#174;ЎкҐЄвл Ї&#174; г&#172;&#174;&#171;з&#160;&#173;Ёо).
PrepareForBuild:
  ‘&#174;&#167;&#164;&#160;&#173;ЁҐ Є&#160;в&#160;&#171;&#174;Ј&#160; &quot;obj\Debug\&quot;.
GenerateRefInfo:
  MRefBuilder (v2021.4.9.0)
  Copyright c 2006-2021, Microsoft Corporation, All Rights Reserved.
  Portions Copyright c 2006-2021, Eric Woodruff, All Rights Reserved.
  No source code context base path specified.  Source context information is unavailable.
  Loaded 1 assemblies for reflection and 1 dependency assemblies.
  Using framework redirect &#39;WindowsBase, Version=4.0.0.0, Culture=neutral, PublicKeyToken=31bf3856ad364e35&#39; in place of &#39;WindowsBase, Version=5.0.0.0, Culture=neutral, PublicKeyToken=31bf3856ad364e35&#39;
  Using framework redirect &#39;PresentationFramework, Version=4.0.0.0, Culture=neutral, PublicKeyToken=31bf3856ad364e35&#39; in place of &#39;PresentationFramework, Version=5.0.0.0, Culture=neutral, PublicKeyToken=31bf3856ad364e35&#39;
MRefBuilder : warning : Ignoring unresolved assembly reference: System.ObjectModel (System.ObjectModel, Version=5.0.0.0, Culture=neutral, PublicKeyToken=b03f5f7f11d50a3a) required by WpfApp [D:\EPAM\DashkevichLab1\WpfApp Documentation\Help\Working\GenerateRefInfo-c6f6c2a2-ed12-48d6-8429-ac74f6dc4e28.proj]
  Using framework redirect &#39;System.Xaml, Version=4.0.0.0, Culture=neutral, PublicKeyToken=b77a5c561934e089&#39; in place of &#39;System.Xaml, Version=5.0.0.0, Culture=neutral, PublicKeyToken=b77a5c561934e089&#39;
  Wrote information on 1 namespaces, 5 types, and 27 members
  Merging duplicate type and member information
  Merged 0 duplicate type(s) and 0 duplicate member(s)
‘Ў&#174;аЄ&#160; Їа&#174;ҐЄв&#160; &quot;D:\EPAM\DashkevichLab1\WpfApp Documentation\Help\Working\GenerateRefInfo-c6f6c2a2-ed12-48d6-8429-ac74f6dc4e28.proj&quot; &#167;&#160;ўҐаиҐ&#173;&#160; (жҐ&#171;ҐўлҐ &#174;ЎкҐЄвл Ї&#174; г&#172;&#174;&#171;з&#160;&#173;Ёо).
    Last step completed in 00:00:01,1608
</buildStep>
<buildStep step="TransformReflectionInfo">
Transforming reflection output...
[C:\Program Files (x86)\Microsoft Visual Studio\2019\Community\MSBuild\Current\Bin\MSBuild.exe - TransformManifest.proj]
‘Ў&#174;аЄ&#160; &#173;&#160;з&#160;в&#160; 20.10.2021 02:41:55.
Џа&#174;ҐЄв &quot;D:\EPAM\DashkevichLab1\WpfApp Documentation\Help\Working\TransformManifest.proj&quot; ў г&#167;&#171;Ґ 1 (жҐ&#171;ҐўлҐ &#174;ЎкҐЄвл Ї&#174; г&#172;&#174;&#171;з&#160;&#173;Ёо).
TransformManifest:
  XslTransform (v2021.4.9.0)
  Copyright c 2006-2021, Microsoft Corporation, All Rights Reserved.
  Portions Copyright c 2006-2021, Eric Woodruff, All Rights Reserved.
  Applying XSL transformation &#39;D:\Sandcastle Help File Builder\\ProductionTransforms\ApplyVSDocModel.xsl&#39;.
  Љ&#174;ЇЁа&#174;ў&#160;&#173;ЁҐ д&#160;&#169;&#171;&#160; Ё&#167; &quot;D:\EPAM\DashkevichLab1\WpfApp Documentation\Help\Working\reflection.xml&quot; ў &quot;D:\EPAM\DashkevichLab1\WpfApp Documentation\Help\Working\reflection.nofilenames&quot;.
  XslTransform (v2021.4.9.0)
  Copyright c 2006-2021, Microsoft Corporation, All Rights Reserved.
  Portions Copyright c 2006-2021, Eric Woodruff, All Rights Reserved.
  Applying XSL transformation &#39;D:\Sandcastle Help File Builder\ProductionTransforms\AddFilenames.xsl&#39;.
  XslTransform (v2021.4.9.0)
  Copyright c 2006-2021, Microsoft Corporation, All Rights Reserved.
  Portions Copyright c 2006-2021, Eric Woodruff, All Rights Reserved.
  Applying XSL transformation &#39;D:\Sandcastle Help File Builder\ProductionTransforms\ReflectionToManifest.xsl&#39;.
‘Ў&#174;аЄ&#160; Їа&#174;ҐЄв&#160; &quot;D:\EPAM\DashkevichLab1\WpfApp Documentation\Help\Working\TransformManifest.proj&quot; &#167;&#160;ўҐаиҐ&#173;&#160; (жҐ&#171;ҐўлҐ &#174;ЎкҐЄвл Ї&#174; г&#172;&#174;&#171;з&#160;&#173;Ёо).
    Last step completed in 00:00:00,6363
</buildStep>
<buildStep step="GenerateNamespaceSummaries">
Generating namespace summary information...
    Last step completed in 00:00:00,0090
</buildStep>
<buildStep step="CopyAdditionalContent">
Copying additional content files...
No additional content to copy
    Last step completed in 00:00:00,0000
</buildStep>
<buildStep step="MergeTablesOfContents">
Merging conceptual and additional tables of contents...
    Last step completed in 00:00:00,0000
</buildStep>
<buildStep step="GenerateIntermediateTableOfContents">
Generating intermediate table of contents file...
[C:\Program Files (x86)\Microsoft Visual Studio\2019\Community\MSBuild\Current\Bin\MSBuild.exe - GenerateIntermediateTOC.proj]
‘Ў&#174;аЄ&#160; &#173;&#160;з&#160;в&#160; 20.10.2021 02:41:56.
Џа&#174;ҐЄв &quot;D:\EPAM\DashkevichLab1\WpfApp Documentation\Help\Working\GenerateIntermediateTOC.proj&quot; ў г&#167;&#171;Ґ 1 (жҐ&#171;ҐўлҐ &#174;ЎкҐЄвл Ї&#174; г&#172;&#174;&#171;з&#160;&#173;Ёо).
GenerateIntermediateTOC:
  XslTransform (v2021.4.9.0)
  Copyright c 2006-2021, Microsoft Corporation, All Rights Reserved.
  Portions Copyright c 2006-2021, Eric Woodruff, All Rights Reserved.
  Applying XSL transformation &#39;D:\Sandcastle Help File Builder\\ProductionTransforms\CreateVSToc.xsl&#39;.
‘Ў&#174;аЄ&#160; Їа&#174;ҐЄв&#160; &quot;D:\EPAM\DashkevichLab1\WpfApp Documentation\Help\Working\GenerateIntermediateTOC.proj&quot; &#167;&#160;ўҐаиҐ&#173;&#160; (жҐ&#171;ҐўлҐ &#174;ЎкҐЄвл Ї&#174; г&#172;&#174;&#171;з&#160;&#173;Ёо).
Generating conceptual content intermediate TOC file...
    Last step completed in 00:00:00,2434
</buildStep>
<buildStep step="CreateBuildAssemblerConfigs">
Creating Sandcastle configuration files...
    sandcastle.config
    Last step completed in 00:00:00,0429
</buildStep>
<buildStep step="MergeCustomConfigs">
Merging custom build component configurations
D:\EPAM\DashkevichLab1\WpfApp Documentation\Help\Working\sandcastle.config
  Updating reference topic configurations.
  No conceptual content.  Removing conceptual content components.
    Last step completed in 00:00:00,0249
</buildStep>
<buildStep step="BuildTopics">
Building help topics...
[C:\Program Files (x86)\Microsoft Visual Studio\2019\Community\MSBuild\Current\Bin\MSBuild.exe - BuildTopics.proj]
‘Ў&#174;аЄ&#160; &#173;&#160;з&#160;в&#160; 20.10.2021 02:41:56.
Џа&#174;ҐЄв &quot;D:\EPAM\DashkevichLab1\WpfApp Documentation\Help\Working\BuildTopics.proj&quot; ў г&#167;&#171;Ґ 1 (жҐ&#171;ҐўлҐ &#174;ЎкҐЄвл Ї&#174; г&#172;&#174;&#171;з&#160;&#173;Ёо).
BuildTopics:
  BuildAssembler (v2021.4.9.0)
  Copyright c 2006-2021, Microsoft Corporation, All Rights Reserved.
  Portions Copyright c 2006-2021, Eric Woodruff, All Rights Reserved.
  Loading configuration...
  Processing topics...
BuildAssembler : warning : ShowMissingComponent: [N:WpfApp] Missing &lt;summary&gt; documentation [D:\EPAM\DashkevichLab1\WpfApp Documentation\Help\Working\BuildTopics.proj]
BuildAssembler : warning : ShowMissingComponent: [M:WpfApp.Command.CanExecute(System.Object)] Missing &lt;returns&gt; documentation [D:\EPAM\DashkevichLab1\WpfApp Documentation\Help\Working\BuildTopics.proj]
BuildAssembler : warning : ShowMissingComponent: [M:WpfApp.Command.CanExecute(System.Object)] Missing &lt;param name=&quot;parameter&quot;/&gt; documentation [D:\EPAM\DashkevichLab1\WpfApp Documentation\Help\Working\BuildTopics.proj]
BuildAssembler : warning : ShowMissingComponent: [E:WpfApp.Command.CanExecuteChanged] Missing &lt;summary&gt; documentation [D:\EPAM\DashkevichLab1\WpfApp Documentation\Help\Working\BuildTopics.proj]
BuildAssembler : warning : ShowMissingComponent: [M:WpfApp.Command.Execute(System.Object)] Missing &lt;param name=&quot;parameter&quot;/&gt; documentation [D:\EPAM\DashkevichLab1\WpfApp Documentation\Help\Working\BuildTopics.proj]
BuildAssembler : warning : ShowMissingComponent: [M:WpfApp.MainWindowViewModel.CanHandleDataFromUserInputCommandExecute(System.Object)] Missing &lt;returns&gt; documentation [D:\EPAM\DashkevichLab1\WpfApp Documentation\Help\Working\BuildTopics.proj]
BuildAssembler : warning : ShowMissingComponent: [M:WpfApp.MainWindowViewModel.CanHandleDataFromUserInputCommandExecute(System.Object)] Missing &lt;param name=&quot;parameter&quot;/&gt; documentation [D:\EPAM\DashkevichLab1\WpfApp Documentation\Help\Working\BuildTopics.proj]
BuildAssembler : warning : ShowMissingComponent: [M:WpfApp.MainWindowViewModel.CanHandleDataWithFilesCommandExecute(System.Object)] Missing &lt;returns&gt; documentation [D:\EPAM\DashkevichLab1\WpfApp Documentation\Help\Working\BuildTopics.proj]
BuildAssembler : warning : ShowMissingComponent: [M:WpfApp.MainWindowViewModel.CanHandleDataWithFilesCommandExecute(System.Object)] Missing &lt;param name=&quot;parameter&quot;/&gt; documentation [D:\EPAM\DashkevichLab1\WpfApp Documentation\Help\Working\BuildTopics.proj]
BuildAssembler : warning : ShowMissingComponent: [M:WpfApp.MainWindowViewModel.OnHandleDataFromUserInputCommandExecuted(System.Object)] Missing &lt;param name=&quot;parameter&quot;/&gt; documentation [D:\EPAM\DashkevichLab1\WpfApp Documentation\Help\Working\BuildTopics.proj]
BuildAssembler : warning : ShowMissingComponent: [M:WpfApp.MainWindowViewModel.OnHandleDataWithFilesCommandExecuted(System.Object)] Missing &lt;param name=&quot;parameter&quot;/&gt; documentation [D:\EPAM\DashkevichLab1\WpfApp Documentation\Help\Working\BuildTopics.proj]
BuildAssembler : warning : ShowMissingComponent: [M:WpfApp.MainWindowViewModel.OnPropertyChanged(System.String)] Missing &lt;param name=&quot;prop&quot;/&gt; documentation [D:\EPAM\DashkevichLab1\WpfApp Documentation\Help\Working\BuildTopics.proj]
  Processed 46 topic(s)
  12 warning(s)
  CopyFromIndexComponent: &quot;reflection&quot; in-memory cache entries used: 5 of 15.
  CopyFromIndexComponent: &quot;comments&quot; in-memory cache entries used: 5 of 30.
‘Ў&#174;аЄ&#160; Їа&#174;ҐЄв&#160; &quot;D:\EPAM\DashkevichLab1\WpfApp Documentation\Help\Working\BuildTopics.proj&quot; &#167;&#160;ўҐаиҐ&#173;&#160; (жҐ&#171;ҐўлҐ &#174;ЎкҐЄвл Ї&#174; г&#172;&#174;&#171;з&#160;&#173;Ёо).
    Last step completed in 00:00:05,2744
</buildStep>
<buildStep step="CombiningIntermediateTocFiles">
Combining conceptual and API intermediate TOC files...
    Last step completed in 00:00:00,0010
</buildStep>
<buildStep step="ExtractingHtmlInfo">
Extracting HTML info for HTML Help 1 and/or website...
[C:\Program Files (x86)\Microsoft Visual Studio\2019\Community\MSBuild\Current\Bin\MSBuild.exe - ExtractHtmlInfo.proj]
Sandcastle Help File Builder and Tools, version 2021.4.9.0
Copyright c 2006-2021, Eric Woodruff, All Rights Reserved
E-Mail: Eric@EWoodruff.us

Using LCID &#39;1033&#39;, code page &#39;65001&#39;, encoding charset &#39;UTF-8&#39;.

Processing website files in D:\EPAM\DashkevichLab1\WpfApp Documentation\Help\Working\Output\Website
Processed 46 HTML files
Sorting keywords and generating See Also indices
Saving website keyword index to D:\EPAM\DashkevichLab1\WpfApp Documentation\Help\Working\WebKI.xml
Saving website table of contents to D:\EPAM\DashkevichLab1\WpfApp Documentation\Help\Working\WebTOC.xml
    Last step completed in 00:00:00,3188
</buildStep>
<buildStep step="CopyStandardHelpContent">
Copying standard help content...
D:\Sandcastle Help File Builder\PresentationStyles\VS2013\icons\AlertCaution.png -&gt; D:\EPAM\DashkevichLab1\WpfApp Documentation\Help\Working\Output\Website\icons\AlertCaution.png
D:\Sandcastle Help File Builder\PresentationStyles\VS2013\icons\AlertNote.png -&gt; D:\EPAM\DashkevichLab1\WpfApp Documentation\Help\Working\Output\Website\icons\AlertNote.png
D:\Sandcastle Help File Builder\PresentationStyles\VS2013\icons\AlertSecurity.png -&gt; D:\EPAM\DashkevichLab1\WpfApp Documentation\Help\Working\Output\Website\icons\AlertSecurity.png
D:\Sandcastle Help File Builder\PresentationStyles\VS2013\icons\CFW.gif -&gt; D:\EPAM\DashkevichLab1\WpfApp Documentation\Help\Working\Output\Website\icons\CFW.gif
D:\Sandcastle Help File Builder\PresentationStyles\VS2013\icons\CodeExample.png -&gt; D:\EPAM\DashkevichLab1\WpfApp Documentation\Help\Working\Output\Website\icons\CodeExample.png
D:\Sandcastle Help File Builder\PresentationStyles\VS2013\icons\favicon.ico -&gt; D:\EPAM\DashkevichLab1\WpfApp Documentation\Help\Working\Output\Website\icons\favicon.ico
D:\Sandcastle Help File Builder\PresentationStyles\VS2013\icons\privclass.gif -&gt; D:\EPAM\DashkevichLab1\WpfApp Documentation\Help\Working\Output\Website\icons\privclass.gif
D:\Sandcastle Help File Builder\PresentationStyles\VS2013\icons\privdelegate.gif -&gt; D:\EPAM\DashkevichLab1\WpfApp Documentation\Help\Working\Output\Website\icons\privdelegate.gif
D:\Sandcastle Help File Builder\PresentationStyles\VS2013\icons\privenumeration.gif -&gt; D:\EPAM\DashkevichLab1\WpfApp Documentation\Help\Working\Output\Website\icons\privenumeration.gif
D:\Sandcastle Help File Builder\PresentationStyles\VS2013\icons\privevent.gif -&gt; D:\EPAM\DashkevichLab1\WpfApp Documentation\Help\Working\Output\Website\icons\privevent.gif
D:\Sandcastle Help File Builder\PresentationStyles\VS2013\icons\privextension.gif -&gt; D:\EPAM\DashkevichLab1\WpfApp Documentation\Help\Working\Output\Website\icons\privextension.gif
D:\Sandcastle Help File Builder\PresentationStyles\VS2013\icons\privfield.gif -&gt; D:\EPAM\DashkevichLab1\WpfApp Documentation\Help\Working\Output\Website\icons\privfield.gif
D:\Sandcastle Help File Builder\PresentationStyles\VS2013\icons\privinterface.gif -&gt; D:\EPAM\DashkevichLab1\WpfApp Documentation\Help\Working\Output\Website\icons\privinterface.gif
D:\Sandcastle Help File Builder\PresentationStyles\VS2013\icons\privmethod.gif -&gt; D:\EPAM\DashkevichLab1\WpfApp Documentation\Help\Working\Output\Website\icons\privmethod.gif
D:\Sandcastle Help File Builder\PresentationStyles\VS2013\icons\privproperty.gif -&gt; D:\EPAM\DashkevichLab1\WpfApp Documentation\Help\Working\Output\Website\icons\privproperty.gif
D:\Sandcastle Help File Builder\PresentationStyles\VS2013\icons\privstructure.gif -&gt; D:\EPAM\DashkevichLab1\WpfApp Documentation\Help\Working\Output\Website\icons\privstructure.gif
D:\Sandcastle Help File Builder\PresentationStyles\VS2013\icons\protclass.gif -&gt; D:\EPAM\DashkevichLab1\WpfApp Documentation\Help\Working\Output\Website\icons\protclass.gif
D:\Sandcastle Help File Builder\PresentationStyles\VS2013\icons\protdelegate.gif -&gt; D:\EPAM\DashkevichLab1\WpfApp Documentation\Help\Working\Output\Website\icons\protdelegate.gif
D:\Sandcastle Help File Builder\PresentationStyles\VS2013\icons\protenumeration.gif -&gt; D:\EPAM\DashkevichLab1\WpfApp Documentation\Help\Working\Output\Website\icons\protenumeration.gif
D:\Sandcastle Help File Builder\PresentationStyles\VS2013\icons\protevent.gif -&gt; D:\EPAM\DashkevichLab1\WpfApp Documentation\Help\Working\Output\Website\icons\protevent.gif
D:\Sandcastle Help File Builder\PresentationStyles\VS2013\icons\protextension.gif -&gt; D:\EPAM\DashkevichLab1\WpfApp Documentation\Help\Working\Output\Website\icons\protextension.gif
D:\Sandcastle Help File Builder\PresentationStyles\VS2013\icons\protfield.gif -&gt; D:\EPAM\DashkevichLab1\WpfApp Documentation\Help\Working\Output\Website\icons\protfield.gif
D:\Sandcastle Help File Builder\PresentationStyles\VS2013\icons\protinterface.gif -&gt; D:\EPAM\DashkevichLab1\WpfApp Documentation\Help\Working\Output\Website\icons\protinterface.gif
D:\Sandcastle Help File Builder\PresentationStyles\VS2013\icons\protmethod.gif -&gt; D:\EPAM\DashkevichLab1\WpfApp Documentation\Help\Working\Output\Website\icons\protmethod.gif
D:\Sandcastle Help File Builder\PresentationStyles\VS2013\icons\protoperator.gif -&gt; D:\EPAM\DashkevichLab1\WpfApp Documentation\Help\Working\Output\Website\icons\protoperator.gif
D:\Sandcastle Help File Builder\PresentationStyles\VS2013\icons\protproperty.gif -&gt; D:\EPAM\DashkevichLab1\WpfApp Documentation\Help\Working\Output\Website\icons\protproperty.gif
D:\Sandcastle Help File Builder\PresentationStyles\VS2013\icons\protstructure.gif -&gt; D:\EPAM\DashkevichLab1\WpfApp Documentation\Help\Working\Output\Website\icons\protstructure.gif
D:\Sandcastle Help File Builder\PresentationStyles\VS2013\icons\pubclass.gif -&gt; D:\EPAM\DashkevichLab1\WpfApp Documentation\Help\Working\Output\Website\icons\pubclass.gif
D:\Sandcastle Help File Builder\PresentationStyles\VS2013\icons\pubdelegate.gif -&gt; D:\EPAM\DashkevichLab1\WpfApp Documentation\Help\Working\Output\Website\icons\pubdelegate.gif
D:\Sandcastle Help File Builder\PresentationStyles\VS2013\icons\pubenumeration.gif -&gt; D:\EPAM\DashkevichLab1\WpfApp Documentation\Help\Working\Output\Website\icons\pubenumeration.gif
D:\Sandcastle Help File Builder\PresentationStyles\VS2013\icons\pubevent.gif -&gt; D:\EPAM\DashkevichLab1\WpfApp Documentation\Help\Working\Output\Website\icons\pubevent.gif
D:\Sandcastle Help File Builder\PresentationStyles\VS2013\icons\pubextension.gif -&gt; D:\EPAM\DashkevichLab1\WpfApp Documentation\Help\Working\Output\Website\icons\pubextension.gif
D:\Sandcastle Help File Builder\PresentationStyles\VS2013\icons\pubfield.gif -&gt; D:\EPAM\DashkevichLab1\WpfApp Documentation\Help\Working\Output\Website\icons\pubfield.gif
D:\Sandcastle Help File Builder\PresentationStyles\VS2013\icons\pubinterface.gif -&gt; D:\EPAM\DashkevichLab1\WpfApp Documentation\Help\Working\Output\Website\icons\pubinterface.gif
D:\Sandcastle Help File Builder\PresentationStyles\VS2013\icons\pubmethod.gif -&gt; D:\EPAM\DashkevichLab1\WpfApp Documentation\Help\Working\Output\Website\icons\pubmethod.gif
D:\Sandcastle Help File Builder\PresentationStyles\VS2013\icons\puboperator.gif -&gt; D:\EPAM\DashkevichLab1\WpfApp Documentation\Help\Working\Output\Website\icons\puboperator.gif
D:\Sandcastle Help File Builder\PresentationStyles\VS2013\icons\pubproperty.gif -&gt; D:\EPAM\DashkevichLab1\WpfApp Documentation\Help\Working\Output\Website\icons\pubproperty.gif
D:\Sandcastle Help File Builder\PresentationStyles\VS2013\icons\pubstructure.gif -&gt; D:\EPAM\DashkevichLab1\WpfApp Documentation\Help\Working\Output\Website\icons\pubstructure.gif
D:\Sandcastle Help File Builder\PresentationStyles\VS2013\icons\SectionCollapsed.png -&gt; D:\EPAM\DashkevichLab1\WpfApp Documentation\Help\Working\Output\Website\icons\SectionCollapsed.png
D:\Sandcastle Help File Builder\PresentationStyles\VS2013\icons\SectionExpanded.png -&gt; D:\EPAM\DashkevichLab1\WpfApp Documentation\Help\Working\Output\Website\icons\SectionExpanded.png
D:\Sandcastle Help File Builder\PresentationStyles\VS2013\icons\slMobile.gif -&gt; D:\EPAM\DashkevichLab1\WpfApp Documentation\Help\Working\Output\Website\icons\slMobile.gif
D:\Sandcastle Help File Builder\PresentationStyles\VS2013\icons\static.gif -&gt; D:\EPAM\DashkevichLab1\WpfApp Documentation\Help\Working\Output\Website\icons\static.gif
D:\Sandcastle Help File Builder\PresentationStyles\VS2013\icons\xna.gif -&gt; D:\EPAM\DashkevichLab1\WpfApp Documentation\Help\Working\Output\Website\icons\xna.gif
D:\Sandcastle Help File Builder\PresentationStyles\VS2013\scripts\branding.js -&gt; D:\EPAM\DashkevichLab1\WpfApp Documentation\Help\Working\Output\Website\scripts\branding.js
D:\Sandcastle Help File Builder\PresentationStyles\VS2013\styles\branding-cs-CZ.css -&gt; D:\EPAM\DashkevichLab1\WpfApp Documentation\Help\Working\Output\Website\styles\branding-cs-CZ.css
D:\Sandcastle Help File Builder\PresentationStyles\VS2013\styles\branding-de-DE.css -&gt; D:\EPAM\DashkevichLab1\WpfApp Documentation\Help\Working\Output\Website\styles\branding-de-DE.css
D:\Sandcastle Help File Builder\PresentationStyles\VS2013\styles\branding-en-US.css -&gt; D:\EPAM\DashkevichLab1\WpfApp Documentation\Help\Working\Output\Website\styles\branding-en-US.css
D:\Sandcastle Help File Builder\PresentationStyles\VS2013\styles\branding-es-ES.css -&gt; D:\EPAM\DashkevichLab1\WpfApp Documentation\Help\Working\Output\Website\styles\branding-es-ES.css
D:\Sandcastle Help File Builder\PresentationStyles\VS2013\styles\branding-fr-FR.css -&gt; D:\EPAM\DashkevichLab1\WpfApp Documentation\Help\Working\Output\Website\styles\branding-fr-FR.css
D:\Sandcastle Help File Builder\PresentationStyles\VS2013\styles\branding-Help1.css -&gt; D:\EPAM\DashkevichLab1\WpfApp Documentation\Help\Working\Output\Website\styles\branding-Help1.css
D:\Sandcastle Help File Builder\PresentationStyles\VS2013\styles\branding-HelpViewer.css -&gt; D:\EPAM\DashkevichLab1\WpfApp Documentation\Help\Working\Output\Website\styles\branding-HelpViewer.css
D:\Sandcastle Help File Builder\PresentationStyles\VS2013\styles\branding-it-IT.css -&gt; D:\EPAM\DashkevichLab1\WpfApp Documentation\Help\Working\Output\Website\styles\branding-it-IT.css
D:\Sandcastle Help File Builder\PresentationStyles\VS2013\styles\branding-ja-JP.css -&gt; D:\EPAM\DashkevichLab1\WpfApp Documentation\Help\Working\Output\Website\styles\branding-ja-JP.css
D:\Sandcastle Help File Builder\PresentationStyles\VS2013\styles\branding-ko-KR.css -&gt; D:\EPAM\DashkevichLab1\WpfApp Documentation\Help\Working\Output\Website\styles\branding-ko-KR.css
D:\Sandcastle Help File Builder\PresentationStyles\VS2013\styles\branding-pl-PL.css -&gt; D:\EPAM\DashkevichLab1\WpfApp Documentation\Help\Working\Output\Website\styles\branding-pl-PL.css
D:\Sandcastle Help File Builder\PresentationStyles\VS2013\styles\branding-pt-BR.css -&gt; D:\EPAM\DashkevichLab1\WpfApp Documentation\Help\Working\Output\Website\styles\branding-pt-BR.css
D:\Sandcastle Help File Builder\PresentationStyles\VS2013\styles\branding-ru-RU.css -&gt; D:\EPAM\DashkevichLab1\WpfApp Documentation\Help\Working\Output\Website\styles\branding-ru-RU.css
D:\Sandcastle Help File Builder\PresentationStyles\VS2013\styles\branding-tr-TR.css -&gt; D:\EPAM\DashkevichLab1\WpfApp Documentation\Help\Working\Output\Website\styles\branding-tr-TR.css
D:\Sandcastle Help File Builder\PresentationStyles\VS2013\styles\branding-Website.css -&gt; D:\EPAM\DashkevichLab1\WpfApp Documentation\Help\Working\Output\Website\styles\branding-Website.css
D:\Sandcastle Help File Builder\PresentationStyles\VS2013\styles\branding-zh-CN.css -&gt; D:\EPAM\DashkevichLab1\WpfApp Documentation\Help\Working\Output\Website\styles\branding-zh-CN.css
D:\Sandcastle Help File Builder\PresentationStyles\VS2013\styles\branding-zh-TW.css -&gt; D:\EPAM\DashkevichLab1\WpfApp Documentation\Help\Working\Output\Website\styles\branding-zh-TW.css
D:\Sandcastle Help File Builder\PresentationStyles\VS2013\styles\branding.css -&gt; D:\EPAM\DashkevichLab1\WpfApp Documentation\Help\Working\Output\Website\styles\branding.css
D:\Sandcastle Help File Builder\PresentationStyles\VS2013\Web\index.html -&gt; D:\EPAM\DashkevichLab1\WpfApp Documentation\Help\Working\Output\Website\index.html
D:\Sandcastle Help File Builder\PresentationStyles\VS2013\Web\search.html -&gt; D:\EPAM\DashkevichLab1\WpfApp Documentation\Help\Working\Output\Website\search.html
D:\Sandcastle Help File Builder\PresentationStyles\VS2013\Web\SearchHelp.aspx -&gt; D:\EPAM\DashkevichLab1\WpfApp Documentation\Help\Working\Output\Website\SearchHelp.aspx
D:\Sandcastle Help File Builder\PresentationStyles\VS2013\Web\SearchHelp.inc.php -&gt; D:\EPAM\DashkevichLab1\WpfApp Documentation\Help\Working\Output\Website\SearchHelp.inc.php
D:\Sandcastle Help File Builder\PresentationStyles\VS2013\Web\SearchHelp.php -&gt; D:\EPAM\DashkevichLab1\WpfApp Documentation\Help\Working\Output\Website\SearchHelp.php
D:\Sandcastle Help File Builder\PresentationStyles\VS2013\Web\Web.Config -&gt; D:\EPAM\DashkevichLab1\WpfApp Documentation\Help\Working\Output\Website\Web.Config
D:\Sandcastle Help File Builder\PresentationStyles\VS2013\Web\html\GeneralError.htm -&gt; D:\EPAM\DashkevichLab1\WpfApp Documentation\Help\Working\Output\Website\html\GeneralError.htm
D:\Sandcastle Help File Builder\PresentationStyles\VS2013\Web\html\PageNotFound.htm -&gt; D:\EPAM\DashkevichLab1\WpfApp Documentation\Help\Working\Output\Website\html\PageNotFound.htm
D:\Sandcastle Help File Builder\PresentationStyles\VS2013\Web\icons\Search.png -&gt; D:\EPAM\DashkevichLab1\WpfApp Documentation\Help\Working\Output\Website\icons\Search.png
D:\Sandcastle Help File Builder\PresentationStyles\VS2013\Web\icons\TocClose.gif -&gt; D:\EPAM\DashkevichLab1\WpfApp Documentation\Help\Working\Output\Website\icons\TocClose.gif
D:\Sandcastle Help File Builder\PresentationStyles\VS2013\Web\icons\TocCollapsed.gif -&gt; D:\EPAM\DashkevichLab1\WpfApp Documentation\Help\Working\Output\Website\icons\TocCollapsed.gif
D:\Sandcastle Help File Builder\PresentationStyles\VS2013\Web\icons\TocExpanded.gif -&gt; D:\EPAM\DashkevichLab1\WpfApp Documentation\Help\Working\Output\Website\icons\TocExpanded.gif
D:\Sandcastle Help File Builder\PresentationStyles\VS2013\Web\icons\TocOpen.gif -&gt; D:\EPAM\DashkevichLab1\WpfApp Documentation\Help\Working\Output\Website\icons\TocOpen.gif
D:\Sandcastle Help File Builder\PresentationStyles\VS2013\Web\scripts\branding-Website.js -&gt; D:\EPAM\DashkevichLab1\WpfApp Documentation\Help\Working\Output\Website\scripts\branding-Website.js
D:\Sandcastle Help File Builder\PresentationStyles\VS2013\Web\scripts\clipboard.min.js -&gt; D:\EPAM\DashkevichLab1\WpfApp Documentation\Help\Working\Output\Website\scripts\clipboard.min.js
D:\Sandcastle Help File Builder\PresentationStyles\VS2013\Web\scripts\jquery-3.5.1.min.js -&gt; D:\EPAM\DashkevichLab1\WpfApp Documentation\Help\Working\Output\Website\scripts\jquery-3.5.1.min.js
    Last step completed in 00:00:00,1521
</buildStep>
<buildStep step="GenerateHelpFormatTableOfContents">
Generating website table of contents file...
    Last step completed in 00:00:00,0010
</buildStep>
<buildStep step="GenerateFullTextIndex">
Generating full-text index for the website...

<plugIn name="Lightweight Website Style" behavior="After" priority="1000">
Adding lightweight search and TOC elements to each topic...
</plugIn>    Last step completed in 00:00:00,2429
</buildStep>
<buildStep step="CopyingWebsiteFiles">
Copying website files to output folder...

Copied 165 files for the website content
    Last step completed in 00:00:00,3371
</buildStep>
<buildStep step="CleanIntermediates">
Removing intermediate files...
    Last step completed in 00:00:00,1356
</buildStep>
<buildStep step="Completed">

Build completed successfully at 20.10.2021 02:42:02.  Total time: 00:00:09,2324

</buildStep>
</shfbBuild>
